<?xml version="1.0" encoding="UTF-8"?>
<testsuite name="com.adidas.products.products.util.ResponseTest" tests="4" skipped="0" failures="0" errors="0" timestamp="2018-12-19T05:43:23" hostname="Pedros-MBP" time="1.144">
  <properties/>
  <testcase name="replyWith_ifAllFieldsAreNull_returnNull" classname="com.adidas.products.products.util.ResponseTest" time="0.554"/>
  <testcase name="replyWith_ifHttpStatusIsNull_returnMonoPeak" classname="com.adidas.products.products.util.ResponseTest" time="0.558"/>
  <testcase name="replyWith_ifObjectIsNull_returnMonoPeak" classname="com.adidas.products.products.util.ResponseTest" time="0.012"/>
  <testcase name="replyWith_ifServerHttpResponseIsNull_returnNull" classname="com.adidas.products.products.util.ResponseTest" time="0.013"/>
  <system-out><![CDATA[05:43:23.846 [Test worker] DEBUG com.adidas.products.products.util.Response - ReplyWith: null
05:43:24.279 [Test worker] DEBUG reactor.util.Loggers$LoggerFactory - Using Slf4j logging framework
05:43:24.449 [Test worker] DEBUG com.adidas.products.products.util.Response - ReplyWith: null
]]></system-out>
  <system-err><![CDATA[]]></system-err>
</testsuite>
